################################################################
 / \ / \ / \ / \ / \   / \ / \ / \ / \ / \ / \   
( H | U | N | G | E | R | A | P | P ) ( S | E | R | V | E | R )  
 \_/ \_/ \_/ \_/ \_/   \_/ \_/ \_/ \_/ \_/ \_/   

################################################################
V-1.0.0
Iniciando na porta 8081
Iniciando conexao ao banco de dados
Conexao concluida
EInOutError: I/O error 9
################################################################
 / \ / \ / \ / \ / \   / \ / \ / \ / \ / \ / \   
( H | U | N | G | E | R | A | P | P ) ( S | E | R | V | E | R )  
 \_/ \_/ \_/ \_/ \_/   \_/ \_/ \_/ \_/ \_/ \_/   

################################################################
V-1.0.0
Iniciando na porta 8081
Iniciando conexao ao banco de dados
Conexao concluida
EInOutError: I/O error 9
################################################################
 / \ / \ / \ / \ / \   / \ / \ / \ / \ / \ / \   
( H | U | N | G | E | R | A | P | P ) ( S | E | R | V | E | R )  
 \_/ \_/ \_/ \_/ \_/   \_/ \_/ \_/ \_/ \_/ \_/   

################################################################
V-1.0.0
Iniciando na porta 8081
Iniciando conexao ao banco de dados
Conexao concluida
EInOutError: I/O error 9
